e:\college\dsa2\moving the shapes\babbysfirstcube\babbysfirstcube\debug\vc141.pdb
e:\college\dsa2\moving the shapes\babbysfirstcube\babbysfirstcube\debug\vc141.idb
e:\college\dsa2\moving the shapes\babbysfirstcube\babbysfirstcube\debug\shader.obj
e:\college\dsa2\moving the shapes\babbysfirstcube\babbysfirstcube\debug\mesh.obj
e:\college\dsa2\moving the shapes\babbysfirstcube\babbysfirstcube\debug\main.obj
e:\college\dsa2\moving the shapes\babbysfirstcube\babbysfirstcube\debug\material.obj
e:\college\dsa2\moving the shapes\babbysfirstcube\babbysfirstcube\debug\input.obj
e:\college\dsa2\moving the shapes\babbysfirstcube\babbysfirstcube\debug\gameentity.obj
e:\college\dsa2\moving the shapes\babbysfirstcube\babbysfirstcube\debug\camera.obj
f:\college\dsa2\cylinder\babbysfirstcube\babbysfirstcube\debug\vc141.pdb
f:\college\dsa2\cylinder\babbysfirstcube\babbysfirstcube\debug\vc141.idb
f:\college\dsa2\cylinder\babbysfirstcube\babbysfirstcube\debug\camera.obj
f:\college\dsa2\cylinder\babbysfirstcube\babbysfirstcube\debug\gameentity.obj
f:\college\dsa2\cylinder\babbysfirstcube\babbysfirstcube\debug\input.obj
f:\college\dsa2\cylinder\babbysfirstcube\babbysfirstcube\debug\material.obj
f:\college\dsa2\cylinder\babbysfirstcube\babbysfirstcube\debug\mesh.obj
f:\college\dsa2\cylinder\babbysfirstcube\babbysfirstcube\debug\shader.obj
e:\college\dsa2\moving the shapes\babbysfirstcube\debug\babbysfirstcube.exe
e:\college\dsa2\moving the shapes\babbysfirstcube\debug\babbysfirstcube.ilk
e:\college\dsa2\moving the shapes\babbysfirstcube\debug\babbysfirstcube.pdb
f:\college\dsa2\cylinder\babbysfirstcube\debug\babbysfirstcube.pdb
f:\college\dsa2\cylinder\babbysfirstcube\debug\babbysfirstcube.exe
f:\college\dsa2\cylinder\babbysfirstcube\debug\babbysfirstcube.ilk
f:\college\dsa2\cylinder\babbysfirstcube\babbysfirstcube\debug\babbysfirstcube.tlog\cl.command.1.tlog
f:\college\dsa2\cylinder\babbysfirstcube\babbysfirstcube\debug\babbysfirstcube.tlog\link.command.1.tlog
f:\college\dsa2\cylinder\babbysfirstcube\babbysfirstcube\debug\babbysfirstcube.tlog\cl.read.1.tlog
f:\college\dsa2\cylinder\babbysfirstcube\babbysfirstcube\debug\babbysfirstcube.tlog\link.read.1.tlog
f:\college\dsa2\cylinder\babbysfirstcube\babbysfirstcube\debug\babbysfirstcube.tlog\cl.write.1.tlog
f:\college\dsa2\cylinder\babbysfirstcube\babbysfirstcube\debug\babbysfirstcube.tlog\link.write.1.tlog
